Create SSL CA/Cert/Key for Server/Client in Windows
------------------------------------------------------------------------------------------------
Create CA certificate
++++++++++++++++++++++++++++++++++++++++++++++++++++++++++++++++++++++++++++++++++++++++++++++++
Generating RSA private key, 2048 bit long modulus (2 primes)
........+++++
.........................................................................................+++++
e is 65537 (0x010001)
++++++++++++++++++++++++++++++++++++++++++++++++++++++++++++++++++++++++++++++++++++++++++++++++
Create server certificate, remove passphrase, and sign it
server-cert.pem = public key, server-key.pem = private key
++++++++++++++++++++++++++++++++++++++++++++++++++++++++++++++++++++++++++++++++++++++++++++++++
Generating a RSA private key
..............................................................+++++
.........+++++
writing new private key to './server-key.pem'
-----
req: No value provided for Subject Attribute CN, skipped
writing RSA key
Signature ok
subject=C = US, ST = USBWState, L = USBWSTown, O = USBWS, OU = USBWSSecure
Getting CA Private Key
++++++++++++++++++++++++++++++++++++++++++++++++++++++++++++++++++++++++++++++++++++++++++++++++
Create client certificate, remove passphrase, and sign it
client-cert.pem = public key, client-key.pem = private key
++++++++++++++++++++++++++++++++++++++++++++++++++++++++++++++++++++++++++++++++++++++++++++++++
Generating a RSA private key
...................................................................+++++
....................................................................................................................................+++++
writing new private key to './client-key.pem'
-----
req: No value provided for Subject Attribute CN, skipped
writing RSA key
Signature ok
subject=C = US, ST = USBWState, L = USBWSTown, O = USBWS, OU = USBWSSecure
Getting CA Private Key
++++++++++++++++++++++++++++++++++++++++++++++++++++++++++++++++++++++++++++++++++++++++++++++++
Certificate Verification:
++++++++++++++++++++++++++++++++++++++++++++++++++++++++++++++++++++++++++++++++++++++++++++++++
./server-cert.pem: OK
./client-cert.pem: OK
++++++++++++++++++++++++++++++++++++++++++++++++++++++++++++++++++++++++++++++++++++++++++++++++
